<?xml version="1.0" encoding="UTF-8"?>
<!-- Generated by org.testng.reporters.JUnitXMLReporter -->
<testsuite hostname="Humaira" ignored="0" name="Regression Test" tests="2" failures="0" timestamp="2022-12-12T15:05:11 GMT" time="22.64" errors="0">
  <testcase name="userShouldLoginSuccessfullyWithValidCredentials" time="2.064" classname="com.orangehrmlive.demo_opensource.testsuite.LoginPageTest"/>
  <testcase name="serShouldNavigateToForgotPasswordPageSuccessfully" time="1.603" classname="com.orangehrmlive.demo_opensource.testsuite.ForgotPasswordPageTest"/>
</testsuite> <!-- Regression Test -->
