<?xml version="1.0" encoding="UTF-8"?>
<!-- Generated by org.testng.reporters.JUnitXMLReporter -->
<testsuite hostname="Humaira" ignored="0" name="Sanity Test" tests="2" failures="0" timestamp="2022-12-12T15:06:15 GMT" time="18.758" errors="0">
  <testcase name="userShouldLoginSuccessfullyWithValidCredentials" time="2.276" classname="com.orangehrmlive.demo_opensource.testsuite.LoginPageTest"/>
  <testcase name="serShouldNavigateToForgotPasswordPageSuccessfully" time="1.856" classname="com.orangehrmlive.demo_opensource.testsuite.ForgotPasswordPageTest"/>
</testsuite> <!-- Sanity Test -->
